DEBUG 2019-03-18 22:19:04,521 [main] io.netty.util.internal.logging.InternalLoggerFactory#newDefaultFactory  43 - Using SLF4J as the default logging framework
DEBUG 2019-03-18 22:19:04,534 [main] io.netty.channel.MultithreadEventLoopGroup#<clinit>  44 - -Dio.netty.eventLoopThreads: 8
DEBUG 2019-03-18 22:19:04,666 [main] io.netty.channel.nio.NioEventLoop#<clinit>  105 - -Dio.netty.noKeySetOptimization: false
DEBUG 2019-03-18 22:19:04,688 [main] io.netty.channel.nio.NioEventLoop#<clinit>  106 - -Dio.netty.selectorAutoRebuildThreshold: 512
DEBUG 2019-03-18 22:19:04,858 [main] io.netty.util.internal.PlatformDependent#isOsx0  966 - Platform: MacOS
DEBUG 2019-03-18 22:19:04,862 [main] io.netty.util.internal.PlatformDependent0#explicitNoUnsafeCause0  395 - -Dio.netty.noUnsafe: false
DEBUG 2019-03-18 22:19:04,862 [main] io.netty.util.internal.PlatformDependent0#javaVersion0  871 - Java version: 10
DEBUG 2019-03-18 22:19:04,873 [main] io.netty.util.internal.PlatformDependent0#<clinit>  120 - sun.misc.Unsafe.theUnsafe: available
DEBUG 2019-03-18 22:19:04,874 [main] io.netty.util.internal.PlatformDependent0#<clinit>  144 - sun.misc.Unsafe.copyMemory: available
DEBUG 2019-03-18 22:19:04,876 [main] io.netty.util.internal.PlatformDependent0#<clinit>  182 - java.nio.Buffer.address: available
DEBUG 2019-03-18 22:19:04,878 [main] io.netty.util.internal.PlatformDependent0#<clinit>  252 - direct buffer constructor: unavailable
java.lang.UnsupportedOperationException: Reflective setAccessible(true) disabled
	at io.netty.util.internal.ReflectionUtil.trySetAccessible(ReflectionUtil.java:31)
	at io.netty.util.internal.PlatformDependent0$4.run(PlatformDependent0.java:224)
	at java.base/java.security.AccessController.doPrivileged(Native Method)
	at io.netty.util.internal.PlatformDependent0.<clinit>(PlatformDependent0.java:218)
	at io.netty.util.internal.PlatformDependent.isAndroid(PlatformDependent.java:212)
	at io.netty.util.internal.PlatformDependent.<clinit>(PlatformDependent.java:80)
	at io.netty.channel.nio.NioEventLoop.newTaskQueue(NioEventLoop.java:269)
	at io.netty.util.concurrent.SingleThreadEventExecutor.<init>(SingleThreadEventExecutor.java:165)
	at io.netty.channel.SingleThreadEventLoop.<init>(SingleThreadEventLoop.java:58)
	at io.netty.channel.nio.NioEventLoop.<init>(NioEventLoop.java:135)
	at io.netty.channel.nio.NioEventLoopGroup.newChild(NioEventLoopGroup.java:127)
	at io.netty.channel.nio.NioEventLoopGroup.newChild(NioEventLoopGroup.java:36)
	at io.netty.util.concurrent.MultithreadEventExecutorGroup.<init>(MultithreadEventExecutorGroup.java:84)
	at io.netty.util.concurrent.MultithreadEventExecutorGroup.<init>(MultithreadEventExecutorGroup.java:58)
	at io.netty.channel.MultithreadEventLoopGroup.<init>(MultithreadEventLoopGroup.java:52)
	at io.netty.channel.nio.NioEventLoopGroup.<init>(NioEventLoopGroup.java:87)
	at io.netty.channel.nio.NioEventLoopGroup.<init>(NioEventLoopGroup.java:82)
	at io.netty.channel.nio.NioEventLoopGroup.<init>(NioEventLoopGroup.java:63)
	at io.netty.channel.nio.NioEventLoopGroup.<init>(NioEventLoopGroup.java:51)
	at io.netty.channel.nio.NioEventLoopGroup.<init>(NioEventLoopGroup.java:43)
	at com.neo.examples.http.websocketx.client.WebSocketClient.main(WebSocketClient.java:88)
DEBUG 2019-03-18 22:19:04,889 [main] io.netty.util.internal.PlatformDependent0#<clinit>  313 - java.nio.Bits.unaligned: available, true
DEBUG 2019-03-18 22:19:04,891 [main] io.netty.util.internal.PlatformDependent0#<clinit>  372 - jdk.internal.misc.Unsafe.allocateUninitializedArray(int): unavailable
java.lang.IllegalAccessException: class io.netty.util.internal.PlatformDependent0$6 cannot access class jdk.internal.misc.Unsafe (in module java.base) because module java.base does not export jdk.internal.misc to unnamed module @240237d2
	at java.base/jdk.internal.reflect.Reflection.newIllegalAccessException(Reflection.java:360)
	at java.base/java.lang.reflect.AccessibleObject.checkAccess(AccessibleObject.java:589)
	at java.base/java.lang.reflect.Method.invoke(Method.java:556)
	at io.netty.util.internal.PlatformDependent0$6.run(PlatformDependent0.java:334)
	at java.base/java.security.AccessController.doPrivileged(Native Method)
	at io.netty.util.internal.PlatformDependent0.<clinit>(PlatformDependent0.java:325)
	at io.netty.util.internal.PlatformDependent.isAndroid(PlatformDependent.java:212)
	at io.netty.util.internal.PlatformDependent.<clinit>(PlatformDependent.java:80)
	at io.netty.channel.nio.NioEventLoop.newTaskQueue(NioEventLoop.java:269)
	at io.netty.util.concurrent.SingleThreadEventExecutor.<init>(SingleThreadEventExecutor.java:165)
	at io.netty.channel.SingleThreadEventLoop.<init>(SingleThreadEventLoop.java:58)
	at io.netty.channel.nio.NioEventLoop.<init>(NioEventLoop.java:135)
	at io.netty.channel.nio.NioEventLoopGroup.newChild(NioEventLoopGroup.java:127)
	at io.netty.channel.nio.NioEventLoopGroup.newChild(NioEventLoopGroup.java:36)
	at io.netty.util.concurrent.MultithreadEventExecutorGroup.<init>(MultithreadEventExecutorGroup.java:84)
	at io.netty.util.concurrent.MultithreadEventExecutorGroup.<init>(MultithreadEventExecutorGroup.java:58)
	at io.netty.channel.MultithreadEventLoopGroup.<init>(MultithreadEventLoopGroup.java:52)
	at io.netty.channel.nio.NioEventLoopGroup.<init>(NioEventLoopGroup.java:87)
	at io.netty.channel.nio.NioEventLoopGroup.<init>(NioEventLoopGroup.java:82)
	at io.netty.channel.nio.NioEventLoopGroup.<init>(NioEventLoopGroup.java:63)
	at io.netty.channel.nio.NioEventLoopGroup.<init>(NioEventLoopGroup.java:51)
	at io.netty.channel.nio.NioEventLoopGroup.<init>(NioEventLoopGroup.java:43)
	at com.neo.examples.http.websocketx.client.WebSocketClient.main(WebSocketClient.java:88)
DEBUG 2019-03-18 22:19:04,896 [main] io.netty.util.internal.PlatformDependent0#<clinit>  385 - java.nio.DirectByteBuffer.<init>(long, int): unavailable
DEBUG 2019-03-18 22:19:04,896 [main] io.netty.util.internal.PlatformDependent#unsafeUnavailabilityCause0  992 - sun.misc.Unsafe: available
DEBUG 2019-03-18 22:19:05,012 [main] io.netty.util.internal.PlatformDependent#maxDirectMemory0  1067 - maxDirectMemory: 2147483648 bytes (maybe)
DEBUG 2019-03-18 22:19:05,016 [main] io.netty.util.internal.PlatformDependent#tmpdir0  1086 - -Dio.netty.tmpdir: /var/folders/sz/7ll5gvmd1hs7n2pfq3z6xscr0000gn/T (java.io.tmpdir)
DEBUG 2019-03-18 22:19:05,017 [main] io.netty.util.internal.PlatformDependent#bitMode0  1165 - -Dio.netty.bitMode: 64 (sun.arch.data.model)
DEBUG 2019-03-18 22:19:05,021 [main] io.netty.util.internal.PlatformDependent#<clinit>  157 - -Dio.netty.maxDirectMemory: -1 bytes
DEBUG 2019-03-18 22:19:05,021 [main] io.netty.util.internal.PlatformDependent#<clinit>  164 - -Dio.netty.uninitializedArrayAllocationThreshold: -1
DEBUG 2019-03-18 22:19:05,023 [main] io.netty.util.internal.CleanerJava9#<clinit>  71 - java.nio.ByteBuffer.cleaner(): available
DEBUG 2019-03-18 22:19:05,025 [main] io.netty.util.internal.PlatformDependent#<clinit>  184 - -Dio.netty.noPreferDirect: false
DEBUG 2019-03-18 22:19:05,050 [main] io.netty.util.internal.PlatformDependent#<clinit>  860 - org.jctools-core.MpscChunkedArrayQueue: available
TRACE 2019-03-18 22:19:05,152 [main] io.netty.channel.nio.NioEventLoop#openSelector  254 - instrumented a special java.util.Set into: sun.nio.ch.KQueueSelectorImpl@12b0404f
TRACE 2019-03-18 22:19:05,154 [main] io.netty.channel.nio.NioEventLoop#openSelector  254 - instrumented a special java.util.Set into: sun.nio.ch.KQueueSelectorImpl@647fd8ce
TRACE 2019-03-18 22:19:05,158 [main] io.netty.channel.nio.NioEventLoop#openSelector  254 - instrumented a special java.util.Set into: sun.nio.ch.KQueueSelectorImpl@159f197
TRACE 2019-03-18 22:19:05,159 [main] io.netty.channel.nio.NioEventLoop#openSelector  254 - instrumented a special java.util.Set into: sun.nio.ch.KQueueSelectorImpl@78aab498
TRACE 2019-03-18 22:19:05,160 [main] io.netty.channel.nio.NioEventLoop#openSelector  254 - instrumented a special java.util.Set into: sun.nio.ch.KQueueSelectorImpl@5dd6264
TRACE 2019-03-18 22:19:05,160 [main] io.netty.channel.nio.NioEventLoop#openSelector  254 - instrumented a special java.util.Set into: sun.nio.ch.KQueueSelectorImpl@1ffe63b9
TRACE 2019-03-18 22:19:05,162 [main] io.netty.channel.nio.NioEventLoop#openSelector  254 - instrumented a special java.util.Set into: sun.nio.ch.KQueueSelectorImpl@51e5fc98
TRACE 2019-03-18 22:19:05,163 [main] io.netty.channel.nio.NioEventLoop#openSelector  254 - instrumented a special java.util.Set into: sun.nio.ch.KQueueSelectorImpl@7c469c48
DEBUG 2019-03-18 22:19:05,232 [main] io.netty.util.internal.InternalThreadLocalMap#<clinit>  54 - -Dio.netty.threadLocalMap.stringBuilder.initialSize: 1024
DEBUG 2019-03-18 22:19:05,233 [main] io.netty.util.internal.InternalThreadLocalMap#<clinit>  57 - -Dio.netty.threadLocalMap.stringBuilder.maxSize: 4096
DEBUG 2019-03-18 22:19:05,350 [main] io.netty.channel.DefaultChannelId#<clinit>  79 - -Dio.netty.processId: 5809 (auto-detected)
DEBUG 2019-03-18 22:19:05,361 [main] io.netty.util.NetUtil#<clinit>  139 - -Djava.net.preferIPv4Stack: false
DEBUG 2019-03-18 22:19:05,363 [main] io.netty.util.NetUtil#<clinit>  140 - -Djava.net.preferIPv6Addresses: false
DEBUG 2019-03-18 22:19:05,387 [main] io.netty.util.NetUtil#<clinit>  224 - Loopback interface: [lo0, lo0, 0:0:0:0:0:0:0:1%lo0] ({}, {})
DEBUG 2019-03-18 22:19:05,388 [main] io.netty.util.NetUtil#run  289 - Failed to get SOMAXCONN from sysctl and file /proc/sys/net/core/somaxconn. Default: 128
DEBUG 2019-03-18 22:19:05,400 [main] io.netty.channel.DefaultChannelId#<clinit>  101 - -Dio.netty.machineId: 1c:36:bb:ff:fe:20:34:62 (auto-detected)
DEBUG 2019-03-18 22:19:05,444 [main] io.netty.util.ResourceLeakDetector#<clinit>  129 - -Dio.netty.leakDetection.level: simple
DEBUG 2019-03-18 22:19:05,444 [main] io.netty.util.ResourceLeakDetector#<clinit>  130 - -Dio.netty.leakDetection.targetRecords: 4
DEBUG 2019-03-18 22:19:05,517 [main] io.netty.buffer.PooledByteBufAllocator#<clinit>  126 - -Dio.netty.allocator.numHeapArenas: 8
DEBUG 2019-03-18 22:19:05,517 [main] io.netty.buffer.PooledByteBufAllocator#<clinit>  127 - -Dio.netty.allocator.numDirectArenas: 8
DEBUG 2019-03-18 22:19:05,517 [main] io.netty.buffer.PooledByteBufAllocator#<clinit>  129 - -Dio.netty.allocator.pageSize: 8192
DEBUG 2019-03-18 22:19:05,518 [main] io.netty.buffer.PooledByteBufAllocator#<clinit>  134 - -Dio.netty.allocator.maxOrder: 11
DEBUG 2019-03-18 22:19:05,518 [main] io.netty.buffer.PooledByteBufAllocator#<clinit>  138 - -Dio.netty.allocator.chunkSize: 16777216
DEBUG 2019-03-18 22:19:05,519 [main] io.netty.buffer.PooledByteBufAllocator#<clinit>  139 - -Dio.netty.allocator.tinyCacheSize: 512
DEBUG 2019-03-18 22:19:05,519 [main] io.netty.buffer.PooledByteBufAllocator#<clinit>  140 - -Dio.netty.allocator.smallCacheSize: 256
DEBUG 2019-03-18 22:19:05,519 [main] io.netty.buffer.PooledByteBufAllocator#<clinit>  141 - -Dio.netty.allocator.normalCacheSize: 64
DEBUG 2019-03-18 22:19:05,520 [main] io.netty.buffer.PooledByteBufAllocator#<clinit>  142 - -Dio.netty.allocator.maxCachedBufferCapacity: 32768
DEBUG 2019-03-18 22:19:05,521 [main] io.netty.buffer.PooledByteBufAllocator#<clinit>  143 - -Dio.netty.allocator.cacheTrimInterval: 8192
DEBUG 2019-03-18 22:19:05,521 [main] io.netty.buffer.PooledByteBufAllocator#<clinit>  144 - -Dio.netty.allocator.useCacheForAllThreads: true
DEBUG 2019-03-18 22:19:05,522 [main] io.netty.buffer.PooledByteBufAllocator#<clinit>  145 - -Dio.netty.allocator.maxCachedByteBuffersPerChunk: 1023
DEBUG 2019-03-18 22:19:05,552 [main] io.netty.buffer.ByteBufUtil#<clinit>  83 - -Dio.netty.allocator.type: pooled
DEBUG 2019-03-18 22:19:05,552 [main] io.netty.buffer.ByteBufUtil#<clinit>  92 - -Dio.netty.threadLocalDirectBufferSize: 0
DEBUG 2019-03-18 22:19:05,554 [main] io.netty.buffer.ByteBufUtil#<clinit>  95 - -Dio.netty.maxThreadLocalCharBufferSize: 16384
DEBUG 2019-03-18 22:19:05,636 [nioEventLoopGroup-2-1] io.netty.buffer.AbstractByteBuf#<clinit>  61 - -Dio.netty.buffer.checkAccessible: true
DEBUG 2019-03-18 22:19:05,637 [nioEventLoopGroup-2-1] io.netty.buffer.AbstractByteBuf#<clinit>  62 - -Dio.netty.buffer.checkBounds: true
DEBUG 2019-03-18 22:19:05,642 [nioEventLoopGroup-2-1] io.netty.util.ResourceLeakDetectorFactory#newResourceLeakDetector  202 - Loaded default ResourceLeakDetector: io.netty.util.ResourceLeakDetector@c018041
DEBUG 2019-03-18 22:19:05,693 [nioEventLoopGroup-2-1] io.netty.handler.codec.compression.ZlibCodecFactory#<clinit>  39 - -Dio.netty.noJdkZlibDecoder: false
DEBUG 2019-03-18 22:19:05,693 [nioEventLoopGroup-2-1] io.netty.handler.codec.compression.ZlibCodecFactory#<clinit>  42 - -Dio.netty.noJdkZlibEncoder: false
